2023-12-09 00:03:50.860 [info] Experiment 'pythonaacf' is active
2023-12-09 00:03:50.860 [info] Experiment 'pythonRecommendTensorboardExt' is active
2023-12-09 00:03:50.860 [info] Experiment 'pythonREPLSmartSend' is active
2023-12-09 00:03:50.860 [info] Experiment 'pythonTestAdapter' is active
2023-12-09 00:03:50.860 [info] Default formatter is set to ms-python.autopep8 for workspace /home/lalik/.config/qtile/settings
2023-12-09 00:03:50.860 [info] Test server listening.
2023-12-09 00:03:50.860 [info] Python interpreter path: /bin/python
2023-12-09 00:03:51.815 [warning] Retry failed, storage update failed for key PYTHON_GLOBAL_STORAGE_KEYS
2023-12-09 00:03:51.815 [warning] Retry failed, storage update failed for key PYTHON_GLOBAL_STORAGE_KEYS
2023-12-09 00:03:51.817 [warning] Retry failed, storage update failed for key PYTHON_WORKSPACE_STORAGE_KEYS
2023-12-09 00:03:51.817 [warning] Retry failed, storage update failed for key PYTHON_WORKSPACE_STORAGE_KEYS
2023-12-09 00:03:51.817 [warning] Retry failed, storage update failed for key PYTHON_WORKSPACE_STORAGE_KEYS
2023-12-09 00:03:52.886 [warning] Retry failed, storage update failed for key PYTHON_GLOBAL_STORAGE_KEYS
2023-12-09 00:03:52.886 [warning] Retry failed, storage update failed for key PYTHON_WORKSPACE_STORAGE_KEYS
2023-12-09 00:03:54.855 [info] Starting Pylance language server.
2023-12-09 00:04:37.710 [info] Discover tests for workspace name: settings - uri: /home/lalik/.config/qtile/settings/widgets.py
2023-12-09 00:04:41.117 [info] Discover tests for workspace name: settings - uri: /home/lalik/.config/qtile/settings/widgets.py
2023-12-09 00:04:57.032 [info] Discover tests for workspace name: settings - uri: /home/lalik/.config/qtile/settings/widgets.py
2023-12-09 00:05:02.839 [info] Discover tests for workspace name: settings - uri: /home/lalik/.config/qtile/settings/widgets.py
2023-12-09 00:05:09.256 [info] Discover tests for workspace name: settings - uri: /home/lalik/.config/qtile/settings/widgets.py
2023-12-09 00:06:02.911 [info] Discover tests for workspace name: settings - uri: /home/lalik/.config/qtile/settings/widgets.py
2023-12-09 00:06:14.159 [info] Discover tests for workspace name: settings - uri: /home/lalik/.config/qtile/settings/widgets.py
2023-12-09 00:06:24.519 [info] Discover tests for workspace name: settings - uri: /home/lalik/.config/qtile/settings/widgets.py
