2023-12-09 00:03:51.844 [info] Name: autopep8
2023-12-09 00:03:51.844 [info] Module: autopep8
2023-12-09 00:03:51.844 [info] Default formatter is set to ms-python.autopep8 for workspace /home/lalik/.config/qtile/settings
2023-12-09 00:03:51.844 [info] Python extension loading
2023-12-09 00:03:51.844 [info] Waiting for interpreter from python extension.
2023-12-09 00:03:51.844 [info] No interpreter found from setting autopep8.interpreter
2023-12-09 00:03:51.844 [info] Getting interpreter from ms-python.python extension for workspace /home/lalik/.config/qtile/settings
2023-12-09 00:03:51.844 [info] Python extension loaded
2023-12-09 00:03:51.844 [info] Interpreter from ms-python.python extension for /home/lalik/.config/qtile/settings: /bin/python
2023-12-09 00:03:51.844 [info] No interpreter found from setting autopep8.interpreter
2023-12-09 00:03:51.844 [info] Getting interpreter from ms-python.python extension for workspace /home/lalik/.config/qtile/settings
2023-12-09 00:03:51.844 [info] Interpreter from ms-python.python extension for /home/lalik/.config/qtile/settings: /bin/python
2023-12-09 00:03:51.844 [info] Server run command: /bin/python /home/lalik/.vscode/extensions/ms-python.autopep8-2023.8.0/bundled/tool/lsp_server.py
2023-12-09 00:03:51.844 [info] Server: Start requested.
2023-12-09 00:03:54.280 [info] CWD Server: /home/lalik/.config/qtile/settings
2023-12-09 00:03:54.285 [info] sys.path used to run Server:
   /home/lalik/.vscode/extensions/ms-python.autopep8-2023.8.0/bundled/libs
   /home/lalik/.vscode/extensions/ms-python.autopep8-2023.8.0/bundled/tool
   /usr/lib/python311.zip
   /usr/lib/python3.11
   /usr/lib/python3.11/lib-dynload
   /usr/lib/python3.11/site-packages
2023-12-09 00:03:54.285 [info] PYTHONPATH env variable used to run Server:
   /home/lalik/.vscode/extensions/ms-python.autopep8-2023.8.0/bundled/libs:
2023-12-09 00:03:54.285 [info] Settings used to run Server:
[
    {
        "cwd": "/home/lalik/.config/qtile/settings",
        "workspace": "file:///home/lalik/.config/qtile/settings",
        "args": [],
        "path": [],
        "interpreter": [
            "/bin/python"
        ],
        "importStrategy": "useBundled",
        "showNotifications": "off"
    }
]

2023-12-09 00:03:54.285 [info] Global settings:
{
    "cwd": "/home/lalik/.config/qtile/settings",
    "workspace": "/home/lalik/.config/qtile/settings",
    "args": [],
    "path": [],
    "interpreter": [],
    "importStrategy": "useBundled",
    "showNotifications": "off"
}

2023-12-09 00:03:54.285 [info] /bin/python -m autopep8 --version
2023-12-09 00:03:54.286 [info] CWD Server: /home/lalik/.config/qtile/settings
2023-12-09 00:03:54.410 [info] Version info for formatter running for /home/lalik/.config/qtile/settings:
autopep8 2.0.4 (pycodestyle: 2.11.1)

2023-12-09 00:03:54.410 [info] SUPPORTED autopep8>=1.7.0
FOUND autopep8==2.0.4

2023-12-09 00:03:54.410 [info] /bin/python -m autopep8 --version
2023-12-09 00:03:54.410 [info] CWD Server: /home/lalik/.config/qtile/settings
2023-12-09 00:03:54.489 [info] Version info for formatter running for /home/lalik/.config/qtile/settings:
autopep8 2.0.4 (pycodestyle: 2.11.1)

2023-12-09 00:03:54.489 [info] SUPPORTED autopep8>=1.7.0
FOUND autopep8==2.0.4

2023-12-09 00:04:25.390 [info] [Trace - 12:04:25 AM] Sending notification 'textDocument/didChange'.
2023-12-09 00:04:26.661 [info] [Trace - 12:04:26 AM] Sending notification 'textDocument/didChange'.
2023-12-09 00:04:27.612 [info] [Trace - 12:04:27 AM] Sending request 'textDocument/formatting - (1)'.
2023-12-09 00:04:27.627 [info] [Trace - 12:04:27 AM] Received notification 'window/logMessage'.
2023-12-09 00:04:27.627 [info] /bin/python -m autopep8 -
2023-12-09 00:04:27.628 [info] [Trace - 12:04:27 AM] Received notification 'window/logMessage'.
2023-12-09 00:04:27.628 [info] CWD Server: /home/lalik/.config/qtile/settings
2023-12-09 00:04:27.800 [info] [Trace - 12:04:27 AM] Received response 'textDocument/formatting - (1)' in 188ms.
2023-12-09 00:04:27.805 [info] [Trace - 12:04:27 AM] Sending notification 'textDocument/didChange'.
2023-12-09 00:04:37.411 [info] [Trace - 12:04:37 AM] Sending request 'textDocument/formatting - (2)'.
2023-12-09 00:04:37.415 [info] [Trace - 12:04:37 AM] Received notification 'window/logMessage'.
2023-12-09 00:04:37.415 [info] [Error - 12:04:37 AM] Syntax error in code: Traceback (most recent call last):
  File "/home/lalik/.vscode/extensions/ms-python.autopep8-2023.8.0/bundled/tool/lsp_server.py", line 94, in is_python
    ast.parse(code)
  File "/usr/lib/python3.11/ast.py", line 50, in parse
    return compile(source, filename, mode, flags,
           ^^^^^^^^^^^^^^^^^^^^^^^^^^^^^^^^^^^^^^
  File "<unknown>", line 106
    ]
    ^
SyntaxError: closing parenthesis ']' does not match opening parenthesis '(' on line 99

2023-12-09 00:04:37.415 [info] [Trace - 12:04:37 AM] Received notification 'window/logMessage'.
2023-12-09 00:04:37.415 [info] [Warn  - 12:04:37 AM] Skipping non python code: /home/lalik/.config/qtile/settings/widgets.py
2023-12-09 00:04:37.415 [info] [Trace - 12:04:37 AM] Received response 'textDocument/formatting - (2)' in 4ms.
2023-12-09 00:04:40.786 [info] [Trace - 12:04:40 AM] Sending request 'textDocument/formatting - (3)'.
2023-12-09 00:04:40.797 [info] [Trace - 12:04:40 AM] Received notification 'window/logMessage'.
2023-12-09 00:04:40.797 [info] [Error - 12:04:40 AM] Syntax error in code: Traceback (most recent call last):
  File "/home/lalik/.vscode/extensions/ms-python.autopep8-2023.8.0/bundled/tool/lsp_server.py", line 94, in is_python
    ast.parse(code)
  File "/usr/lib/python3.11/ast.py", line 50, in parse
    return compile(source, filename, mode, flags,
           ^^^^^^^^^^^^^^^^^^^^^^^^^^^^^^^^^^^^^^
  File "<unknown>", line 106
    ]
    ^
SyntaxError: closing parenthesis ']' does not match opening parenthesis '(' on line 99

2023-12-09 00:04:40.797 [info] [Trace - 12:04:40 AM] Received notification 'window/logMessage'.
2023-12-09 00:04:40.797 [info] [Warn  - 12:04:40 AM] Skipping non python code: /home/lalik/.config/qtile/settings/widgets.py
2023-12-09 00:04:40.797 [info] [Trace - 12:04:40 AM] Received response 'textDocument/formatting - (3)' in 11ms.
2023-12-09 00:04:49.041 [info] [Trace - 12:04:49 AM] Sending notification 'textDocument/didChange'.
2023-12-09 00:04:56.592 [info] [Trace - 12:04:56 AM] Sending request 'textDocument/formatting - (4)'.
2023-12-09 00:04:56.594 [info] [Trace - 12:04:56 AM] Received notification 'window/logMessage'.
2023-12-09 00:04:56.594 [info] /bin/python -m autopep8 -
2023-12-09 00:04:56.594 [info] [Trace - 12:04:56 AM] Received notification 'window/logMessage'.
2023-12-09 00:04:56.594 [info] CWD Server: /home/lalik/.config/qtile/settings
2023-12-09 00:04:56.692 [info] [Trace - 12:04:56 AM] Received response 'textDocument/formatting - (4)' in 100ms.
2023-12-09 00:04:56.695 [info] [Trace - 12:04:56 AM] Sending notification 'textDocument/didChange'.
2023-12-09 00:04:59.594 [info] [Trace - 12:04:59 AM] Sending notification 'textDocument/didChange'.
2023-12-09 00:05:02.410 [info] [Trace - 12:05:02 AM] Sending request 'textDocument/formatting - (5)'.
2023-12-09 00:05:02.413 [info] [Trace - 12:05:02 AM] Received notification 'window/logMessage'.
2023-12-09 00:05:02.413 [info] /bin/python -m autopep8 -
2023-12-09 00:05:02.413 [info] [Trace - 12:05:02 AM] Received notification 'window/logMessage'.
2023-12-09 00:05:02.413 [info] CWD Server: /home/lalik/.config/qtile/settings
2023-12-09 00:05:02.508 [info] [Trace - 12:05:02 AM] Received response 'textDocument/formatting - (5)' in 98ms.
2023-12-09 00:05:02.511 [info] [Trace - 12:05:02 AM] Sending notification 'textDocument/didChange'.
2023-12-09 00:05:03.856 [info] [Trace - 12:05:03 AM] Sending notification 'textDocument/didChange'.
2023-12-09 00:05:07.512 [info] [Trace - 12:05:07 AM] Sending notification 'textDocument/didChange'.
2023-12-09 00:05:08.738 [info] [Trace - 12:05:08 AM] Sending request 'textDocument/formatting - (6)'.
2023-12-09 00:05:08.747 [info] [Trace - 12:05:08 AM] Received notification 'window/logMessage'.
2023-12-09 00:05:08.747 [info] /bin/python -m autopep8 -
2023-12-09 00:05:08.747 [info] [Trace - 12:05:08 AM] Received notification 'window/logMessage'.
2023-12-09 00:05:08.747 [info] CWD Server: /home/lalik/.config/qtile/settings
2023-12-09 00:05:08.931 [info] [Trace - 12:05:08 AM] Received response 'textDocument/formatting - (6)' in 193ms.
2023-12-09 00:05:08.937 [info] [Trace - 12:05:08 AM] Sending notification 'textDocument/didChange'.
2023-12-09 00:06:01.207 [info] [Trace - 12:06:01 AM] Sending notification 'textDocument/didChange'.
2023-12-09 00:06:01.425 [info] [Trace - 12:06:01 AM] Sending notification 'textDocument/didChange'.
2023-12-09 00:06:02.446 [info] [Trace - 12:06:02 AM] Sending request 'textDocument/formatting - (7)'.
2023-12-09 00:06:02.454 [info] [Trace - 12:06:02 AM] Received notification 'window/logMessage'.
2023-12-09 00:06:02.454 [info] /bin/python -m autopep8 -
2023-12-09 00:06:02.455 [info] [Trace - 12:06:02 AM] Received notification 'window/logMessage'.
2023-12-09 00:06:02.455 [info] CWD Server: /home/lalik/.config/qtile/settings
2023-12-09 00:06:02.599 [info] [Trace - 12:06:02 AM] Received response 'textDocument/formatting - (7)' in 153ms.
2023-12-09 00:06:02.602 [info] [Trace - 12:06:02 AM] Sending notification 'textDocument/didChange'.
2023-12-09 00:06:05.805 [info] [Trace - 12:06:05 AM] Sending notification 'textDocument/didChange'.
2023-12-09 00:06:13.760 [info] [Trace - 12:06:13 AM] Sending request 'textDocument/formatting - (8)'.
2023-12-09 00:06:13.762 [info] [Trace - 12:06:13 AM] Received notification 'window/logMessage'.
2023-12-09 00:06:13.762 [info] /bin/python -m autopep8 -
2023-12-09 00:06:13.762 [info] [Trace - 12:06:13 AM] Received notification 'window/logMessage'.
2023-12-09 00:06:13.762 [info] CWD Server: /home/lalik/.config/qtile/settings
2023-12-09 00:06:13.857 [info] [Trace - 12:06:13 AM] Received response 'textDocument/formatting - (8)' in 97ms.
2023-12-09 00:06:13.860 [info] [Trace - 12:06:13 AM] Sending notification 'textDocument/didChange'.
2023-12-09 00:06:17.656 [info] [Trace - 12:06:17 AM] Sending notification 'textDocument/didChange'.
2023-12-09 00:06:18.406 [info] [Trace - 12:06:18 AM] Sending notification 'textDocument/didChange'.
2023-12-09 00:06:21.780 [info] [Trace - 12:06:21 AM] Sending notification 'textDocument/didChange'.
2023-12-09 00:06:22.401 [info] [Trace - 12:06:22 AM] Sending notification 'textDocument/didChange'.
2023-12-09 00:06:22.869 [info] [Trace - 12:06:22 AM] Sending notification 'textDocument/didChange'.
2023-12-09 00:06:23.995 [info] [Trace - 12:06:23 AM] Sending request 'textDocument/formatting - (9)'.
2023-12-09 00:06:24.006 [info] [Trace - 12:06:24 AM] Received notification 'window/logMessage'.
2023-12-09 00:06:24.006 [info] /bin/python -m autopep8 -
2023-12-09 00:06:24.006 [info] [Trace - 12:06:24 AM] Received notification 'window/logMessage'.
2023-12-09 00:06:24.007 [info] CWD Server: /home/lalik/.config/qtile/settings
2023-12-09 00:06:24.217 [info] [Trace - 12:06:24 AM] Received response 'textDocument/formatting - (9)' in 221ms.
2023-12-09 00:06:24.222 [info] [Trace - 12:06:24 AM] Sending notification 'textDocument/didChange'.
2023-12-09 00:06:38.398 [info] [Trace - 12:06:38 AM] Sending request 'shutdown - (10)'.
2023-12-09 00:06:38.414 [info] [Trace - 12:06:38 AM] Received response 'shutdown - (10)' in 21ms.
2023-12-09 00:06:38.414 [info] [Trace - 12:06:38 AM] Sending notification 'exit'.
