2023-11-22 21:15:37.510 [info] Experiment 'pythonaacf' is active
2023-11-22 21:15:37.510 [info] Experiment 'pythonPromptNewFormatterExt' is active
2023-11-22 21:15:37.510 [info] Experiment 'pythonPromptNewToolsExt' is active
2023-11-22 21:15:37.510 [info] Experiment 'pythonREPLSmartSendcf' is active
2023-11-22 21:15:37.510 [info] Experiment 'pythonTestAdapter' is active
2023-11-22 21:15:37.510 [info] Default formatter is set to ms-python.autopep8 for workspace /home/lalik/University/First Year/Algoritmo y estructuras de datos/Work 9
2023-11-22 21:15:37.510 [info] Test server listening.
2023-11-22 21:15:37.510 [info] Python interpreter path: /bin/python
2023-11-22 21:15:43.854 [info] Starting Pylance language server.
2023-11-22 21:17:00.691 [info] Send text to terminal: /bin/python "/home/lalik/University/First Year/Algoritmo y estructuras de datos/Work 9/practico_9.py"
2023-11-22 21:17:00.978 [info] CreateEnv Trigger - Skipping for /home/lalik/University/First Year/Algoritmo y estructuras de datos/Work 9/practico_9.py
2023-11-22 21:24:35.462 [info] Discover tests for workspace name: Work 9 - uri: /home/lalik/University/First Year/Algoritmo y estructuras de datos/Work 9/practico_9.py
2023-11-22 21:26:14.342 [info] Discover tests for workspace name: Work 9 - uri: /home/lalik/University/First Year/Algoritmo y estructuras de datos/Work 9/practico_9.py
2023-11-22 21:26:44.019 [info] Discover tests for workspace name: Work 9 - uri: /home/lalik/University/First Year/Algoritmo y estructuras de datos/Work 9/practico_9.py
2023-11-22 21:27:42.060 [info] Discover tests for workspace name: Work 9 - uri: /home/lalik/University/First Year/Algoritmo y estructuras de datos/Work 9/practico_9.py
2023-11-22 21:27:55.704 [info] Discover tests for workspace name: Work 9 - uri: /home/lalik/University/First Year/Algoritmo y estructuras de datos/Work 9/practico_9.py
2023-11-22 21:28:14.736 [info] Discover tests for workspace name: Work 9 - uri: /home/lalik/University/First Year/Algoritmo y estructuras de datos/Work 9/practico_9.py
2023-11-22 21:28:26.069 [info] Discover tests for workspace name: Work 9 - uri: /home/lalik/University/First Year/Algoritmo y estructuras de datos/Work 9/practico_9.py
2023-11-22 21:28:53.584 [info] Discover tests for workspace name: Work 9 - uri: /home/lalik/University/First Year/Algoritmo y estructuras de datos/Work 9/practico_9.py
2023-11-22 21:28:56.863 [info] Discover tests for workspace name: Work 9 - uri: /home/lalik/University/First Year/Algoritmo y estructuras de datos/Work 9/practico_9.py
2023-11-22 21:29:04.884 [info] Discover tests for workspace name: Work 9 - uri: /home/lalik/University/First Year/Algoritmo y estructuras de datos/Work 9/practico_9.py
2023-11-22 21:29:48.228 [info] Discover tests for workspace name: Work 9 - uri: /home/lalik/University/First Year/Algoritmo y estructuras de datos/Work 9/practico_9.py
2023-11-22 21:29:53.905 [info] Discover tests for workspace name: Work 9 - uri: /home/lalik/University/First Year/Algoritmo y estructuras de datos/Work 9/practico_9.py
2023-11-22 21:31:17.605 [info] Discover tests for workspace name: Work 9 - uri: /home/lalik/University/First Year/Algoritmo y estructuras de datos/Work 9/practico_9.py
2023-11-22 21:37:47.548 [info] Discover tests for workspace name: Work 9 - uri: /home/lalik/University/First Year/Algoritmo y estructuras de datos/Work 9/practico_9.py
2023-11-22 21:39:03.708 [info] Discover tests for workspace name: Work 9 - uri: /home/lalik/University/First Year/Algoritmo y estructuras de datos/Work 9/practico_9.py
2023-11-22 21:40:50.576 [info] Discover tests for workspace name: Work 9 - uri: /home/lalik/University/First Year/Algoritmo y estructuras de datos/Work 9/practico_9.py
2023-11-22 21:42:31.111 [info] Discover tests for workspace name: Work 9 - uri: /home/lalik/University/First Year/Algoritmo y estructuras de datos/Work 9/practico_9.py
2023-11-22 21:44:44.338 [info] Discover tests for workspace name: Work 9 - uri: /home/lalik/University/First Year/Algoritmo y estructuras de datos/Work 9/practico_9.py
2023-11-22 21:57:32.676 [info] Discover tests for workspace name: Work 9 - uri: /home/lalik/University/First Year/Algoritmo y estructuras de datos/Work 9/practico_9.py
2023-11-22 21:59:14.559 [info] Discover tests for workspace name: Work 9 - uri: /home/lalik/University/First Year/Algoritmo y estructuras de datos/Work 9/practico_9.py
2023-11-22 21:59:22.432 [info] Discover tests for workspace name: Work 9 - uri: /home/lalik/University/First Year/Algoritmo y estructuras de datos/Work 9/practico_9.py
2023-11-22 22:01:02.489 [info] Discover tests for workspace name: Work 9 - uri: /home/lalik/University/First Year/Algoritmo y estructuras de datos/Work 9/practico_9.py
2023-11-22 22:01:44.609 [info] Discover tests for workspace name: Work 9 - uri: /home/lalik/University/First Year/Algoritmo y estructuras de datos/Work 9/practico_9.py
2023-11-22 22:02:38.380 [info] Discover tests for workspace name: Work 9 - uri: /home/lalik/University/First Year/Algoritmo y estructuras de datos/Work 9/practico_9.py
2023-11-22 22:02:57.026 [info] Discover tests for workspace name: Work 9 - uri: /home/lalik/University/First Year/Algoritmo y estructuras de datos/Work 9/practico_9.py
2023-11-22 22:04:15.459 [info] Discover tests for workspace name: Work 9 - uri: /home/lalik/University/First Year/Algoritmo y estructuras de datos/Work 9/practico_9.py
2023-11-22 22:04:34.405 [info] Discover tests for workspace name: Work 9 - uri: /home/lalik/University/First Year/Algoritmo y estructuras de datos/Work 9/practico_9.py
2023-11-22 22:05:06.189 [info] Discover tests for workspace name: Work 9 - uri: /home/lalik/University/First Year/Algoritmo y estructuras de datos/Work 9/practico_9.py
2023-11-22 22:06:43.895 [info] Discover tests for workspace name: Work 9 - uri: /home/lalik/University/First Year/Algoritmo y estructuras de datos/Work 9/practico_9.py
2023-11-22 22:07:20.751 [info] Discover tests for workspace name: Work 9 - uri: /home/lalik/University/First Year/Algoritmo y estructuras de datos/Work 9/practico_9.py
2023-11-22 23:34:17.713 [info] Discover tests for workspace name: Work 9 - uri: /home/lalik/University/First Year/Algoritmo y estructuras de datos/Work 9/practico_9.py
