2023-12-07 16:08:10.310 [info] Getting Manifest... equinusocio.vsc-community-material-theme
2023-12-07 16:08:10.630 [info] Installing extension: equinusocio.vsc-community-material-theme
2023-12-07 16:08:12.077 [warning] Extension signature verification failed with error 'UnknownError': equinusocio.vsc-community-material-theme
2023-12-07 16:08:12.161 [info] Extracted extension to file:///home/lalik/.vscode/extensions/equinusocio.vsc-community-material-theme-1.4.7: equinusocio.vsc-community-material-theme
2023-12-07 16:08:12.287 [info] Renamed to /home/lalik/.vscode/extensions/equinusocio.vsc-community-material-theme-1.4.7
2023-12-07 16:08:12.292 [info] Extracting extension completed. equinusocio.vsc-community-material-theme
2023-12-07 16:08:12.389 [info] Extension installed successfully: equinusocio.vsc-community-material-theme
2023-12-07 16:08:12.397 [error] [uncaught exception in sharedProcess]: Error: ENOENT: no such file or directory, stat '/home/lalik/.vscode/extensions/extensions.json.vsctmp': EntryNotFound (FileSystemError): Error: ENOENT: no such file or directory, stat '/home/lalik/.vscode/extensions/extensions.json.vsctmp'
    at r.create (/opt/visual-studio-code/resources/app/out/vs/code/node/sharedProcess/sharedProcessMain.js:51:30053)
    at a (/opt/visual-studio-code/resources/app/out/vs/code/node/sharedProcess/sharedProcessMain.js:51:30167)
    at s.fb (/opt/visual-studio-code/resources/app/out/vs/code/node/sharedProcess/sharedProcessMain.js:56:36175)
    at s.stat (/opt/visual-studio-code/resources/app/out/vs/code/node/sharedProcess/sharedProcessMain.js:56:28621)
    at async E.stat (/opt/visual-studio-code/resources/app/out/vs/code/node/sharedProcess/sharedProcessMain.js:56:15732)
    at async K.tb (/opt/visual-studio-code/resources/app/out/vs/code/node/sharedProcess/sharedProcessMain.js:109:9535)
2023-12-07 16:08:12.398 [info] Marked extension as uninstalled equinusocio.vsc-community-material-theme-1.4.6
2023-12-07 16:17:02.665 [info] Uninstalling extension from the profile: zhang-renyang.chat-gpt@1.6.62 vscode-userdata:/home/lalik/.vscode/extensions/extensions.json
2023-12-07 16:17:02.790 [error] [uncaught exception in sharedProcess]: Error: ENOENT: no such file or directory, stat '/home/lalik/.vscode/extensions/extensions.json.vsctmp': EntryNotFound (FileSystemError): Error: ENOENT: no such file or directory, stat '/home/lalik/.vscode/extensions/extensions.json.vsctmp'
    at r.create (/opt/visual-studio-code/resources/app/out/vs/code/node/sharedProcess/sharedProcessMain.js:51:30053)
    at a (/opt/visual-studio-code/resources/app/out/vs/code/node/sharedProcess/sharedProcessMain.js:51:30167)
    at s.fb (/opt/visual-studio-code/resources/app/out/vs/code/node/sharedProcess/sharedProcessMain.js:56:36175)
    at s.stat (/opt/visual-studio-code/resources/app/out/vs/code/node/sharedProcess/sharedProcessMain.js:56:28621)
    at async E.stat (/opt/visual-studio-code/resources/app/out/vs/code/node/sharedProcess/sharedProcessMain.js:56:15732)
    at async K.tb (/opt/visual-studio-code/resources/app/out/vs/code/node/sharedProcess/sharedProcessMain.js:109:9535)
2023-12-07 16:17:02.826 [info] Marked extension as uninstalled zhang-renyang.chat-gpt-1.6.62
2023-12-07 16:17:03.348 [info] Successfully uninstalled extension from the profile zhang-renyang.chat-gpt@1.6.62 vscode-userdata:/home/lalik/.vscode/extensions/extensions.json
2023-12-07 16:17:04.449 [info] Getting Manifest... zhang-renyang.chat-gpt
2023-12-07 16:17:04.495 [info] Installing extension: zhang-renyang.chat-gpt
2023-12-07 16:17:05.100 [warning] Extension signature verification failed with error 'UnknownError': zhang-renyang.chat-gpt
2023-12-07 16:17:05.177 [info] Removed the extension from uninstalled list: zhang-renyang.chat-gpt
2023-12-07 16:17:05.265 [info] Extension installed successfully: zhang-renyang.chat-gpt
2023-12-07 16:17:05.315 [error] [uncaught exception in sharedProcess]: Error: ENOENT: no such file or directory, stat '/home/lalik/.vscode/extensions/extensions.json.vsctmp': EntryNotFound (FileSystemError): Error: ENOENT: no such file or directory, stat '/home/lalik/.vscode/extensions/extensions.json.vsctmp'
    at r.create (/opt/visual-studio-code/resources/app/out/vs/code/node/sharedProcess/sharedProcessMain.js:51:30053)
    at a (/opt/visual-studio-code/resources/app/out/vs/code/node/sharedProcess/sharedProcessMain.js:51:30167)
    at s.fb (/opt/visual-studio-code/resources/app/out/vs/code/node/sharedProcess/sharedProcessMain.js:56:36175)
    at s.stat (/opt/visual-studio-code/resources/app/out/vs/code/node/sharedProcess/sharedProcessMain.js:56:28621)
    at async E.stat (/opt/visual-studio-code/resources/app/out/vs/code/node/sharedProcess/sharedProcessMain.js:56:15732)
    at async K.tb (/opt/visual-studio-code/resources/app/out/vs/code/node/sharedProcess/sharedProcessMain.js:109:9535)
