2023-12-13 00:26:11 Loading main app package /usr/lib/obsidian/obsidian.asar
2023-12-13 00:26:13 Checking for update using Github
2023-12-13 00:26:16 Success.
2023-12-13 00:26:16 Latest version is 1.4.16
2023-12-13 00:26:16 App is up to date.
2023-12-13 00:28:44 Loading main app package /usr/lib/obsidian/obsidian.asar
2023-12-13 00:28:44 Checking for update using Github
2023-12-13 00:28:44 Success.
2023-12-13 00:28:44 Latest version is 1.4.16
2023-12-13 00:28:44 App is up to date.
2023-12-13 01:28:44 Checking for update using Github
2023-12-13 01:28:44 Success.
2023-12-13 01:28:44 Latest version is 1.4.16
2023-12-13 01:28:44 App is up to date.
2023-12-13 02:28:44 Checking for update using Github
2023-12-13 02:28:44 Success.
2023-12-13 02:28:44 Latest version is 1.4.16
2023-12-13 02:28:44 App is up to date.
2023-12-13 03:28:44 Checking for update using Github
2023-12-13 03:28:44 Success.
2023-12-13 03:28:44 Latest version is 1.4.16
2023-12-13 03:28:44 App is up to date.
2023-12-13 04:28:44 Checking for update using Github
2023-12-13 04:28:44 Success.
2023-12-13 04:28:44 Latest version is 1.4.16
2023-12-13 04:28:44 App is up to date.
2023-12-13 05:28:44 Checking for update using Github
2023-12-13 05:28:44 Success.
2023-12-13 05:28:44 Latest version is 1.4.16
2023-12-13 05:28:44 App is up to date.
2023-12-13 05:33:44 Loading main app package /usr/lib/obsidian/obsidian.asar
2023-12-13 05:33:44 Checking for update using Github
2023-12-13 05:33:44 Success.
2023-12-13 05:33:44 Latest version is 1.4.16
2023-12-13 05:33:44 App is up to date.
2023-12-13 06:15:24 Loading main app package /usr/lib/obsidian/obsidian.asar
2023-12-13 06:15:24 Checking for update using Github
2023-12-13 06:15:25 Success.
2023-12-13 06:15:25 Latest version is 1.4.16
2023-12-13 06:15:25 App is up to date.
2023-12-20 05:52:07 Loading main app package /usr/lib/obsidian/obsidian.asar
2023-12-20 05:52:09 Checking for update using Github
2023-12-20 05:52:11 Success.
2023-12-20 05:52:11 Latest version is 1.4.16
2023-12-20 05:52:11 App is up to date.
