2023-12-20 03:10:42.141 [info] Log level: Info
2023-12-20 03:10:42.141 [info] Validating found git in: "git"
2023-12-20 03:10:42.141 [info] Using git "2.43.0" from "git"
2023-12-20 03:10:42.141 [info] > git rev-parse --show-toplevel [30ms]
2023-12-20 03:10:42.141 [info] fatal: not a git repository (or any parent up to mount point /)
Stopping at filesystem boundary (GIT_DISCOVERY_ACROSS_FILESYSTEM not set).
2023-12-20 03:10:44.419 [info] > git rev-parse --show-toplevel [27ms]
2023-12-20 03:10:44.419 [info] fatal: not a git repository (or any parent up to mount point /)
Stopping at filesystem boundary (GIT_DISCOVERY_ACROSS_FILESYSTEM not set).
2023-12-20 03:10:47.842 [info] > git rev-parse --show-toplevel [6ms]
2023-12-20 03:10:47.842 [info] fatal: not a git repository (or any parent up to mount point /)
Stopping at filesystem boundary (GIT_DISCOVERY_ACROSS_FILESYSTEM not set).
2023-12-20 03:12:06.791 [info] > git rev-parse --show-toplevel [69ms]
2023-12-20 03:12:06.836 [info] fatal: not a git repository (or any parent up to mount point /)
Stopping at filesystem boundary (GIT_DISCOVERY_ACROSS_FILESYSTEM not set).
2023-12-20 03:12:10.804 [info] > git rev-parse --show-toplevel [2ms]
2023-12-20 03:12:10.804 [info] fatal: not a git repository (or any parent up to mount point /)
Stopping at filesystem boundary (GIT_DISCOVERY_ACROSS_FILESYSTEM not set).
2023-12-20 03:12:12.975 [info] > git rev-parse --show-toplevel [1ms]
2023-12-20 03:12:12.975 [info] fatal: not a git repository (or any parent up to mount point /)
Stopping at filesystem boundary (GIT_DISCOVERY_ACROSS_FILESYSTEM not set).
2023-12-20 03:12:15.321 [info] > git rev-parse --show-toplevel [1ms]
2023-12-20 03:12:15.321 [info] fatal: not a git repository (or any parent up to mount point /)
Stopping at filesystem boundary (GIT_DISCOVERY_ACROSS_FILESYSTEM not set).
2023-12-20 03:12:51.928 [info] > git rev-parse --show-toplevel [3ms]
2023-12-20 03:12:51.928 [info] fatal: not a git repository (or any parent up to mount point /)
Stopping at filesystem boundary (GIT_DISCOVERY_ACROSS_FILESYSTEM not set).
2023-12-20 03:12:59.510 [info] > git rev-parse --show-toplevel [2ms]
2023-12-20 03:12:59.510 [info] fatal: not a git repository (or any parent up to mount point /)
Stopping at filesystem boundary (GIT_DISCOVERY_ACROSS_FILESYSTEM not set).
2023-12-20 03:13:01.682 [info] > git rev-parse --show-toplevel [6ms]
2023-12-20 03:13:01.682 [info] fatal: not a git repository (or any parent up to mount point /)
Stopping at filesystem boundary (GIT_DISCOVERY_ACROSS_FILESYSTEM not set).
2023-12-20 03:13:04.731 [info] > git rev-parse --show-toplevel [3ms]
2023-12-20 03:13:04.731 [info] fatal: not a git repository (or any parent up to mount point /)
Stopping at filesystem boundary (GIT_DISCOVERY_ACROSS_FILESYSTEM not set).
2023-12-20 03:13:08.294 [info] > git rev-parse --show-toplevel [3ms]
2023-12-20 03:13:08.294 [info] fatal: not a git repository (or any parent up to mount point /)
Stopping at filesystem boundary (GIT_DISCOVERY_ACROSS_FILESYSTEM not set).
2023-12-20 03:13:51.748 [info] > git rev-parse --show-toplevel [5ms]
2023-12-20 03:13:51.748 [info] fatal: not a git repository (or any parent up to mount point /)
Stopping at filesystem boundary (GIT_DISCOVERY_ACROSS_FILESYSTEM not set).
2023-12-20 03:13:57.575 [info] > git rev-parse --show-toplevel [6ms]
2023-12-20 03:13:57.575 [info] fatal: not a git repository (or any parent up to mount point /)
Stopping at filesystem boundary (GIT_DISCOVERY_ACROSS_FILESYSTEM not set).
