2023-12-20 03:10:40.492 [info] Extension host with pid 301164 started
2023-12-20 03:10:40.492 [info] Skipping acquiring lock for /home/lalik/.config/Code/User/workspaceStorage/ff0c7ed19fccc63357599ba4e6bbede6.
2023-12-20 03:10:40.667 [info] ExtensionService#_doActivateExtension vscode.git-base, startup: true, activationEvent: '*', root cause: vscode.git
2023-12-20 03:10:41.035 [info] ExtensionService#_doActivateExtension vscode.git, startup: true, activationEvent: '*'
2023-12-20 03:10:41.602 [info] ExtensionService#_doActivateExtension vscode.github, startup: true, activationEvent: '*'
2023-12-20 03:10:42.028 [info] Eager extensions activated
2023-12-20 03:10:42.336 [info] ExtensionService#_doActivateExtension vscode.debug-auto-launch, startup: false, activationEvent: 'onStartupFinished'
2023-12-20 03:10:42.420 [info] ExtensionService#_doActivateExtension vscode.merge-conflict, startup: false, activationEvent: 'onStartupFinished'
2023-12-20 03:10:42.686 [info] ExtensionService#_doActivateExtension PKief.material-icon-theme, startup: false, activationEvent: 'onStartupFinished'
2023-12-20 03:10:42.844 [info] ExtensionService#_doActivateExtension usernamehw.errorlens, startup: false, activationEvent: 'onStartupFinished'
2023-12-20 03:10:42.951 [info] ExtensionService#_doActivateExtension zhuangtongfa.material-theme, startup: false, activationEvent: 'onStartupFinished'
2023-12-20 03:10:44.584 [info] ExtensionService#_doActivateExtension vscode.json-language-features, startup: false, activationEvent: 'onLanguage:jsonc'
2023-12-20 03:10:44.924 [info] ExtensionService#_doActivateExtension vscode.typescript-language-features, startup: false, activationEvent: 'onLanguage:jsonc'
2023-12-20 03:10:45.400 [info] ExtensionService#_doActivateExtension vscode.emmet, startup: false, activationEvent: 'onLanguage'
2023-12-20 03:10:48.793 [info] ExtensionService#_doActivateExtension ms-python.python, startup: false, activationEvent: 'onLanguage:python', root cause: ms-python.autopep8
2023-12-20 03:10:50.318 [info] ExtensionService#_doActivateExtension ms-python.autopep8, startup: false, activationEvent: 'onLanguage:python'
2023-12-20 03:10:50.482 [info] ExtensionService#_doActivateExtension ms-python.vscode-pylance, startup: false, activationEvent: 'onLanguage:python'
2023-12-20 03:13:51.892 [info] ExtensionService#_doActivateExtension vscodevim.vim, startup: false, activationEvent: 'onStartupFinished'
2023-12-20 03:13:52.838 [error] TypeError: e.clear is not a function
	at _.cleanUp (/home/lalik/.vscode/extensions/ms-python.python-2023.22.0/out/client/extension.js:2:2396933)
	at _.shutdown (/home/lalik/.vscode/extensions/ms-python.python-2023.22.0/out/client/extension.js:2:2396109)
	at _.stop (/home/lalik/.vscode/extensions/ms-python.python-2023.22.0/out/client/extension.js:2:2395537)
	at _.stop (/home/lalik/.vscode/extensions/ms-python.python-2023.22.0/out/client/extension.js:2:2561925)
	at Object.stop (/home/lalik/.vscode/extensions/ms-python.python-2023.22.0/out/client/extension.js:2:52774)
	at Object.stop (/home/lalik/.vscode/extensions/ms-python.vscode-pylance-2023.11.10/dist/extension.bundle.js:1:167421)
	at _0x245439.<computed>._stopClient (/home/lalik/.vscode/extensions/ms-python.vscode-pylance-2023.11.10/dist/extension.bundle.js:1:110729)
	at _0x245439.<computed>._createNewRequest (/home/lalik/.vscode/extensions/ms-python.vscode-pylance-2023.11.10/dist/extension.bundle.js:1:109919)
	at process.processTicksAndRejections (node:internal/process/task_queues:95:5)
	at async _0x245439.<computed>._enqueueRequestAndWaitForRun (/home/lalik/.vscode/extensions/ms-python.vscode-pylance-2023.11.10/dist/extension.bundle.js:1:109617)
	at async _0x245439.<computed>.restartClient (/home/lalik/.vscode/extensions/ms-python.vscode-pylance-2023.11.10/dist/extension.bundle.js:1:109221)
2023-12-20 03:13:53.089 [error] Error: ENOENT: no such file or directory, open '/home/lalik/.config/Code/User/globalStorage/vscodevim.vim/.registers'
2023-12-20 03:14:44.580 [warning] TextEditor is closed/disposed
2023-12-20 03:14:44.581 [warning] TextEditor is closed/disposed
2023-12-20 03:14:44.647 [warning] ExtHostTextEditorOptions 'setCursorStyle' failed:'
2023-12-20 03:14:44.647 [warning] Illegal argument: TextEditor(vs.editor.ICodeEditor:1,$model5)
2023-12-20 03:14:51.120 [info] Extension host terminating: renderer closed the MessagePort
2023-12-20 03:14:51.286 [error] TypeError: e.clear is not a function
	at _.cleanUp (/home/lalik/.vscode/extensions/ms-python.python-2023.22.0/out/client/extension.js:2:2396933)
	at _.shutdown (/home/lalik/.vscode/extensions/ms-python.python-2023.22.0/out/client/extension.js:2:2396109)
	at _.stop (/home/lalik/.vscode/extensions/ms-python.python-2023.22.0/out/client/extension.js:2:2395537)
	at _.stop (/home/lalik/.vscode/extensions/ms-python.python-2023.22.0/out/client/extension.js:2:2561925)
	at Object.stop (/home/lalik/.vscode/extensions/ms-python.python-2023.22.0/out/client/extension.js:2:52774)
	at Object.stop (/home/lalik/.vscode/extensions/ms-python.vscode-pylance-2023.11.10/dist/extension.bundle.js:1:167421)
	at _0x245439.<computed>._stopClient (/home/lalik/.vscode/extensions/ms-python.vscode-pylance-2023.11.10/dist/extension.bundle.js:1:110729)
	at _0x245439.<computed>._createNewRequest (/home/lalik/.vscode/extensions/ms-python.vscode-pylance-2023.11.10/dist/extension.bundle.js:1:109919)
	at process.processTicksAndRejections (node:internal/process/task_queues:95:5)
	at async _0x245439.<computed>._enqueueRequestAndWaitForRun (/home/lalik/.vscode/extensions/ms-python.vscode-pylance-2023.11.10/dist/extension.bundle.js:1:109617)
	at async _0x245439.<computed>.restartClient (/home/lalik/.vscode/extensions/ms-python.vscode-pylance-2023.11.10/dist/extension.bundle.js:1:109221)
2023-12-20 03:14:51.286 [error] TypeError: e.clear is not a function
	at _.cleanUp (/home/lalik/.vscode/extensions/ms-python.python-2023.22.0/out/client/extension.js:2:2396933)
	at _.shutdown (/home/lalik/.vscode/extensions/ms-python.python-2023.22.0/out/client/extension.js:2:2396109)
	at _.stop (/home/lalik/.vscode/extensions/ms-python.python-2023.22.0/out/client/extension.js:2:2395537)
	at _.stop (/home/lalik/.vscode/extensions/ms-python.python-2023.22.0/out/client/extension.js:2:2561925)
	at Object.stop (/home/lalik/.vscode/extensions/ms-python.python-2023.22.0/out/client/extension.js:2:52774)
	at Object.stop (/home/lalik/.vscode/extensions/ms-python.vscode-pylance-2023.11.10/dist/extension.bundle.js:1:167421)
	at _0x245439.<computed>._stopClient (/home/lalik/.vscode/extensions/ms-python.vscode-pylance-2023.11.10/dist/extension.bundle.js:1:110729)
	at _0x245439.<computed>._createNewRequest (/home/lalik/.vscode/extensions/ms-python.vscode-pylance-2023.11.10/dist/extension.bundle.js:1:109919)
	at process.processTicksAndRejections (node:internal/process/task_queues:95:5)
	at async _0x245439.<computed>._enqueueRequestAndWaitForRun (/home/lalik/.vscode/extensions/ms-python.vscode-pylance-2023.11.10/dist/extension.bundle.js:1:109617)
	at async _0x245439.<computed>.restartClient (/home/lalik/.vscode/extensions/ms-python.vscode-pylance-2023.11.10/dist/extension.bundle.js:1:109221)
2023-12-20 03:14:51.306 [info] Extension host with pid 301164 exiting with code 0
