2023-12-07 16:08:13.327 [info] Name: autopep8
2023-12-07 16:08:13.327 [info] Module: autopep8
2023-12-07 16:08:13.327 [info] Default formatter is set to ms-python.autopep8 for workspace /home/lalik/Downloads
2023-12-07 16:08:13.327 [info] Python extension loading
2023-12-07 16:08:13.327 [info] Waiting for interpreter from python extension.
2023-12-07 16:08:13.327 [info] No interpreter found from setting autopep8.interpreter
2023-12-07 16:08:13.327 [info] Getting interpreter from ms-python.python extension for workspace /home/lalik/Downloads
2023-12-07 16:08:13.327 [info] Python extension loaded
2023-12-07 16:08:13.327 [info] Interpreter from ms-python.python extension for /home/lalik/Downloads: /bin/python
2023-12-07 16:08:13.327 [info] No interpreter found from setting autopep8.interpreter
2023-12-07 16:08:13.327 [info] Getting interpreter from ms-python.python extension for workspace /home/lalik/Downloads
2023-12-07 16:08:13.327 [info] Interpreter from ms-python.python extension for /home/lalik/Downloads: /bin/python
2023-12-07 16:08:14.064 [info] Server run command: /bin/python /home/lalik/.vscode/extensions/ms-python.autopep8-2023.8.0/bundled/tool/lsp_server.py
2023-12-07 16:08:14.065 [info] Server: Start requested.
2023-12-07 16:08:17.049 [info] CWD Server: /home/lalik/Downloads
2023-12-07 16:08:17.053 [info] sys.path used to run Server:
   /home/lalik/.vscode/extensions/ms-python.autopep8-2023.8.0/bundled/libs
   /home/lalik/.vscode/extensions/ms-python.autopep8-2023.8.0/bundled/tool
   /usr/lib/python311.zip
   /usr/lib/python3.11
   /usr/lib/python3.11/lib-dynload
   /usr/lib/python3.11/site-packages
2023-12-07 16:08:17.054 [info] PYTHONPATH env variable used to run Server:
   /home/lalik/.vscode/extensions/ms-python.autopep8-2023.8.0/bundled/libs:
2023-12-07 16:08:17.054 [info] Settings used to run Server:
[
    {
        "cwd": "/home/lalik/Downloads",
        "workspace": "file:///home/lalik/Downloads",
        "args": [],
        "path": [],
        "interpreter": [
            "/bin/python"
        ],
        "importStrategy": "useBundled",
        "showNotifications": "off"
    }
]

2023-12-07 16:08:17.054 [info] Global settings:
{
    "cwd": "/home/lalik/Downloads",
    "workspace": "/home/lalik/Downloads",
    "args": [],
    "path": [],
    "interpreter": [],
    "importStrategy": "useBundled",
    "showNotifications": "off"
}

2023-12-07 16:08:17.054 [info] /bin/python -m autopep8 --version
2023-12-07 16:08:17.054 [info] CWD Server: /home/lalik/Downloads
2023-12-07 16:08:17.194 [info] Version info for formatter running for /home/lalik/Downloads:
autopep8 2.0.4 (pycodestyle: 2.11.1)

2023-12-07 16:08:17.194 [info] SUPPORTED autopep8>=1.7.0
FOUND autopep8==2.0.4

2023-12-07 16:08:17.195 [info] /bin/python -m autopep8 --version
2023-12-07 16:08:17.195 [info] CWD Server: /home/lalik/Downloads
2023-12-07 16:08:17.285 [info] Version info for formatter running for /home/lalik/Downloads:
autopep8 2.0.4 (pycodestyle: 2.11.1)

2023-12-07 16:08:17.285 [info] SUPPORTED autopep8>=1.7.0
FOUND autopep8==2.0.4

2023-12-07 16:10:15.698 [info] [Trace - 4:10:15 PM] Sending notification 'textDocument/didChange'.
2023-12-07 16:10:16.340 [info] [Trace - 4:10:16 PM] Sending notification 'textDocument/didChange'.
2023-12-07 16:10:16.741 [info] [Trace - 4:10:16 PM] Sending notification 'textDocument/didChange'.
2023-12-07 16:10:17.395 [info] [Trace - 4:10:17 PM] Sending notification 'textDocument/didChange'.
2023-12-07 16:10:17.438 [info] [Trace - 4:10:17 PM] Sending notification 'textDocument/didChange'.
2023-12-07 16:10:17.480 [info] [Trace - 4:10:17 PM] Sending notification 'textDocument/didChange'.
2023-12-07 16:10:17.509 [info] [Trace - 4:10:17 PM] Sending notification 'textDocument/didChange'.
2023-12-07 16:10:17.552 [info] [Trace - 4:10:17 PM] Sending notification 'textDocument/didChange'.
2023-12-07 16:10:17.590 [info] [Trace - 4:10:17 PM] Sending notification 'textDocument/didChange'.
2023-12-07 16:10:17.630 [info] [Trace - 4:10:17 PM] Sending notification 'textDocument/didChange'.
2023-12-07 16:10:17.673 [info] [Trace - 4:10:17 PM] Sending notification 'textDocument/didChange'.
2023-12-07 16:10:17.711 [info] [Trace - 4:10:17 PM] Sending notification 'textDocument/didChange'.
2023-12-07 16:10:17.753 [info] [Trace - 4:10:17 PM] Sending notification 'textDocument/didChange'.
2023-12-07 16:10:18.429 [info] [Trace - 4:10:18 PM] Sending notification 'textDocument/didChange'.
2023-12-07 16:10:18.674 [info] [Trace - 4:10:18 PM] Sending notification 'textDocument/didChange'.
2023-12-07 16:10:19.651 [info] [Trace - 4:10:19 PM] Sending notification 'textDocument/didChange'.
2023-12-07 16:10:19.856 [info] [Trace - 4:10:19 PM] Sending notification 'textDocument/didChange'.
2023-12-07 16:10:20.000 [info] [Trace - 4:10:20 PM] Sending notification 'textDocument/didChange'.
2023-12-07 16:10:20.235 [info] [Trace - 4:10:20 PM] Sending notification 'textDocument/didChange'.
2023-12-07 16:10:20.790 [info] [Trace - 4:10:20 PM] Sending notification 'textDocument/didChange'.
2023-12-07 16:10:20.904 [info] [Trace - 4:10:20 PM] Sending notification 'textDocument/didChange'.
2023-12-07 16:10:21.136 [info] [Trace - 4:10:21 PM] Sending notification 'textDocument/didChange'.
2023-12-07 16:10:21.971 [info] [Trace - 4:10:21 PM] Sending notification 'textDocument/didChange'.
2023-12-07 16:10:24.219 [info] [Trace - 4:10:24 PM] Sending notification 'textDocument/didChange'.
2023-12-07 16:10:24.658 [info] [Trace - 4:10:24 PM] Sending notification 'textDocument/didChange'.
2023-12-07 16:10:25.051 [info] [Trace - 4:10:25 PM] Sending notification 'textDocument/didChange'.
2023-12-07 16:10:25.442 [info] [Trace - 4:10:25 PM] Sending notification 'textDocument/didChange'.
2023-12-07 16:10:26.012 [info] [Trace - 4:10:26 PM] Sending notification 'textDocument/didChange'.
2023-12-07 16:10:32.781 [info] [Trace - 4:10:32 PM] Sending notification 'textDocument/didChange'.
2023-12-07 16:10:33.442 [info] [Trace - 4:10:33 PM] Sending notification 'textDocument/didChange'.
2023-12-07 16:10:33.498 [info] [Trace - 4:10:33 PM] Sending notification 'textDocument/didChange'.
2023-12-07 16:10:33.687 [info] [Trace - 4:10:33 PM] Sending notification 'textDocument/didChange'.
2023-12-07 16:10:34.266 [info] [Trace - 4:10:34 PM] Sending notification 'textDocument/didChange'.
2023-12-07 16:10:34.701 [info] [Trace - 4:10:34 PM] Sending notification 'textDocument/didChange'.
2023-12-07 16:10:37.799 [info] [Trace - 4:10:37 PM] Sending notification 'textDocument/didChange'.
2023-12-07 16:10:38.458 [info] [Trace - 4:10:38 PM] Sending notification 'textDocument/didChange'.
2023-12-07 16:10:38.500 [info] [Trace - 4:10:38 PM] Sending notification 'textDocument/didChange'.
2023-12-07 16:10:38.552 [info] [Trace - 4:10:38 PM] Sending notification 'textDocument/didChange'.
2023-12-07 16:10:38.587 [info] [Trace - 4:10:38 PM] Sending notification 'textDocument/didChange'.
2023-12-07 16:10:38.625 [info] [Trace - 4:10:38 PM] Sending notification 'textDocument/didChange'.
2023-12-07 16:10:38.669 [info] [Trace - 4:10:38 PM] Sending notification 'textDocument/didChange'.
2023-12-07 16:10:38.706 [info] [Trace - 4:10:38 PM] Sending notification 'textDocument/didChange'.
2023-12-07 16:10:38.748 [info] [Trace - 4:10:38 PM] Sending notification 'textDocument/didChange'.
2023-12-07 16:10:39.054 [info] [Trace - 4:10:39 PM] Sending notification 'textDocument/didChange'.
2023-12-07 16:10:40.506 [info] [Trace - 4:10:40 PM] Sending notification 'textDocument/didChange'.
2023-12-07 16:10:41.205 [info] [Trace - 4:10:41 PM] Sending notification 'textDocument/didChange'.
2023-12-07 16:10:41.860 [info] [Trace - 4:10:41 PM] Sending notification 'textDocument/didChange'.
2023-12-07 16:10:41.902 [info] [Trace - 4:10:41 PM] Sending notification 'textDocument/didChange'.
2023-12-07 16:10:41.941 [info] [Trace - 4:10:41 PM] Sending notification 'textDocument/didChange'.
2023-12-07 16:10:41.982 [info] [Trace - 4:10:41 PM] Sending notification 'textDocument/didChange'.
2023-12-07 16:10:42.021 [info] [Trace - 4:10:42 PM] Sending notification 'textDocument/didChange'.
2023-12-07 16:10:42.061 [info] [Trace - 4:10:42 PM] Sending notification 'textDocument/didChange'.
2023-12-07 16:10:42.102 [info] [Trace - 4:10:42 PM] Sending notification 'textDocument/didChange'.
2023-12-07 16:10:42.141 [info] [Trace - 4:10:42 PM] Sending notification 'textDocument/didChange'.
2023-12-07 16:10:42.183 [info] [Trace - 4:10:42 PM] Sending notification 'textDocument/didChange'.
2023-12-07 16:10:42.225 [info] [Trace - 4:10:42 PM] Sending notification 'textDocument/didChange'.
2023-12-07 16:10:42.266 [info] [Trace - 4:10:42 PM] Sending notification 'textDocument/didChange'.
2023-12-07 16:10:42.300 [info] [Trace - 4:10:42 PM] Sending notification 'textDocument/didChange'.
2023-12-07 16:10:42.340 [info] [Trace - 4:10:42 PM] Sending notification 'textDocument/didChange'.
2023-12-07 16:10:42.385 [info] [Trace - 4:10:42 PM] Sending notification 'textDocument/didChange'.
2023-12-07 16:10:42.425 [info] [Trace - 4:10:42 PM] Sending notification 'textDocument/didChange'.
2023-12-07 16:10:42.466 [info] [Trace - 4:10:42 PM] Sending notification 'textDocument/didChange'.
2023-12-07 16:10:42.505 [info] [Trace - 4:10:42 PM] Sending notification 'textDocument/didChange'.
2023-12-07 16:10:42.546 [info] [Trace - 4:10:42 PM] Sending notification 'textDocument/didChange'.
2023-12-07 16:10:42.584 [info] [Trace - 4:10:42 PM] Sending notification 'textDocument/didChange'.
2023-12-07 16:10:42.783 [info] [Trace - 4:10:42 PM] Sending notification 'textDocument/didChange'.
2023-12-07 16:10:42.994 [info] [Trace - 4:10:42 PM] Sending notification 'textDocument/didChange'.
2023-12-07 16:10:43.184 [info] [Trace - 4:10:43 PM] Sending notification 'textDocument/didChange'.
2023-12-07 16:10:43.394 [info] [Trace - 4:10:43 PM] Sending notification 'textDocument/didChange'.
2023-12-07 16:11:05.422 [info] [Trace - 4:11:05 PM] Sending notification 'textDocument/didChange'.
2023-12-07 16:11:06.268 [info] [Trace - 4:11:06 PM] Sending notification 'textDocument/didChange'.
2023-12-07 16:13:16.332 [info] [Trace - 4:13:16 PM] Sending notification 'textDocument/didChange'.
2023-12-07 16:13:16.620 [info] [Trace - 4:13:16 PM] Sending notification 'textDocument/didChange'.
2023-12-07 16:13:16.943 [info] [Trace - 4:13:16 PM] Sending notification 'textDocument/didChange'.
2023-12-07 16:13:17.131 [info] [Trace - 4:13:17 PM] Sending notification 'textDocument/didChange'.
2023-12-07 16:13:17.585 [info] [Trace - 4:13:17 PM] Sending notification 'textDocument/didChange'.
2023-12-07 16:13:17.722 [info] [Trace - 4:13:17 PM] Sending notification 'textDocument/didChange'.
2023-12-07 16:13:17.924 [info] [Trace - 4:13:17 PM] Sending notification 'textDocument/didChange'.
2023-12-07 16:13:18.138 [info] [Trace - 4:13:18 PM] Sending notification 'textDocument/didChange'.
2023-12-07 16:13:18.283 [info] [Trace - 4:13:18 PM] Sending notification 'textDocument/didChange'.
2023-12-07 16:13:18.400 [info] [Trace - 4:13:18 PM] Sending notification 'textDocument/didChange'.
2023-12-07 16:13:19.288 [info] [Trace - 4:13:19 PM] Sending notification 'textDocument/didChange'.
2023-12-07 16:13:19.560 [info] [Trace - 4:13:19 PM] Sending notification 'textDocument/didChange'.
2023-12-07 16:13:20.674 [info] [Trace - 4:13:20 PM] Sending notification 'textDocument/didChange'.
2023-12-07 16:13:21.442 [info] [Trace - 4:13:21 PM] Sending notification 'textDocument/didChange'.
2023-12-07 16:13:21.766 [info] [Trace - 4:13:21 PM] Sending notification 'textDocument/didChange'.
2023-12-07 16:13:22.017 [info] [Trace - 4:13:22 PM] Sending notification 'textDocument/didChange'.
2023-12-07 16:13:22.692 [info] [Trace - 4:13:22 PM] Sending notification 'textDocument/didChange'.
2023-12-07 16:13:23.377 [info] [Trace - 4:13:23 PM] Sending notification 'textDocument/didChange'.
2023-12-07 16:13:23.933 [info] [Trace - 4:13:23 PM] Sending notification 'textDocument/didChange'.
2023-12-07 16:13:24.287 [info] [Trace - 4:13:24 PM] Sending notification 'textDocument/didChange'.
2023-12-07 16:13:25.214 [info] [Trace - 4:13:25 PM] Sending notification 'textDocument/didChange'.
2023-12-07 16:13:25.460 [info] [Trace - 4:13:25 PM] Sending notification 'textDocument/didChange'.
2023-12-07 16:13:25.724 [info] [Trace - 4:13:25 PM] Sending notification 'textDocument/didChange'.
2023-12-07 16:13:25.778 [info] [Trace - 4:13:25 PM] Sending notification 'textDocument/didChange'.
2023-12-07 16:13:28.342 [info] [Trace - 4:13:28 PM] Sending notification 'textDocument/didChange'.
2023-12-07 16:13:28.571 [info] [Trace - 4:13:28 PM] Sending notification 'textDocument/didChange'.
2023-12-07 16:13:28.746 [info] [Trace - 4:13:28 PM] Sending notification 'textDocument/didChange'.
2023-12-07 16:13:29.081 [info] [Trace - 4:13:29 PM] Sending notification 'textDocument/didChange'.
2023-12-07 16:13:29.349 [info] [Trace - 4:13:29 PM] Sending notification 'textDocument/didChange'.
2023-12-07 16:13:29.539 [info] [Trace - 4:13:29 PM] Sending notification 'textDocument/didChange'.
2023-12-07 16:13:29.704 [info] [Trace - 4:13:29 PM] Sending notification 'textDocument/didChange'.
2023-12-07 16:13:29.903 [info] [Trace - 4:13:29 PM] Sending notification 'textDocument/didChange'.
2023-12-07 16:13:30.147 [info] [Trace - 4:13:30 PM] Sending notification 'textDocument/didChange'.
2023-12-07 16:13:30.299 [info] [Trace - 4:13:30 PM] Sending notification 'textDocument/didChange'.
2023-12-07 16:13:30.473 [info] [Trace - 4:13:30 PM] Sending notification 'textDocument/didChange'.
2023-12-07 16:13:30.820 [info] [Trace - 4:13:30 PM] Sending notification 'textDocument/didChange'.
2023-12-07 16:13:30.980 [info] [Trace - 4:13:30 PM] Sending notification 'textDocument/didChange'.
2023-12-07 16:13:31.124 [info] [Trace - 4:13:31 PM] Sending notification 'textDocument/didChange'.
2023-12-07 16:13:31.274 [info] [Trace - 4:13:31 PM] Sending notification 'textDocument/didChange'.
2023-12-07 16:13:31.361 [info] [Trace - 4:13:31 PM] Sending notification 'textDocument/didChange'.
2023-12-07 16:13:32.001 [info] [Trace - 4:13:32 PM] Sending notification 'textDocument/didChange'.
2023-12-07 16:13:32.154 [info] [Trace - 4:13:32 PM] Sending notification 'textDocument/didChange'.
2023-12-07 16:13:32.957 [info] [Trace - 4:13:32 PM] Sending notification 'textDocument/didChange'.
2023-12-07 16:13:37.682 [info] [Trace - 4:13:37 PM] Sending request 'textDocument/formatting - (1)'.
2023-12-07 16:13:37.686 [info] [Trace - 4:13:37 PM] Received notification 'window/logMessage'.
2023-12-07 16:13:37.686 [info] /bin/python -m autopep8 -
2023-12-07 16:13:37.686 [info] [Trace - 4:13:37 PM] Received notification 'window/logMessage'.
2023-12-07 16:13:37.686 [info] CWD Server: /home/lalik/Downloads
2023-12-07 16:13:37.806 [info] [Trace - 4:13:37 PM] Received response 'textDocument/formatting - (1)' in 124ms.
2023-12-07 16:14:36.581 [info] [Trace - 4:14:36 PM] Sending notification 'textDocument/didChange'.
2023-12-07 16:14:39.611 [info] [Trace - 4:14:39 PM] Sending notification 'textDocument/didChange'.
2023-12-07 16:15:06.305 [info] [Trace - 4:15:06 PM] Sending notification 'textDocument/didChange'.
2023-12-07 16:15:07.510 [info] [Trace - 4:15:07 PM] Sending notification 'textDocument/didChange'.
2023-12-07 16:21:08.651 [info] /bin/python -m autopep8 -
2023-12-07 16:21:08.679 [info] CWD Server: /home/lalik/Downloads
2023-12-07 16:21:09.911 [info] Cancel notification for unknown message id "2"

2023-12-07 16:21:30.124 [info] /bin/python -m autopep8 -
2023-12-07 16:21:30.125 [info] CWD Server: /home/lalik/Downloads
2023-12-07 16:22:30.422 [info] /bin/python -m autopep8 -
2023-12-07 16:22:30.423 [info] CWD Server: /home/lalik/Downloads
2023-12-07 16:25:32.701 [info] /bin/python -m autopep8 -
2023-12-07 16:25:32.701 [info] CWD Server: /home/lalik/Downloads
