2023-12-07 16:08:05.946 [info] Log level: Info
2023-12-07 16:08:05.946 [info] Validating found git in: "git"
2023-12-07 16:08:05.946 [info] Using git "2.43.0" from "git"
2023-12-07 16:08:05.946 [info] > git rev-parse --show-toplevel [6ms]
2023-12-07 16:08:05.946 [info] fatal: not a git repository (or any parent up to mount point /)
Stopping at filesystem boundary (GIT_DISCOVERY_ACROSS_FILESYSTEM not set).
2023-12-07 16:08:05.946 [info] > git rev-parse --show-toplevel [4ms]
2023-12-07 16:08:05.946 [info] fatal: not a git repository (or any parent up to mount point /)
Stopping at filesystem boundary (GIT_DISCOVERY_ACROSS_FILESYSTEM not set).
2023-12-07 16:08:05.961 [info] > git rev-parse --show-toplevel [15ms]
2023-12-07 16:08:05.961 [info] fatal: not a git repository (or any parent up to mount point /)
Stopping at filesystem boundary (GIT_DISCOVERY_ACROSS_FILESYSTEM not set).
2023-12-07 16:08:05.983 [info] > git rev-parse --show-toplevel [3ms]
2023-12-07 16:08:05.983 [info] fatal: not a git repository (or any parent up to mount point /)
Stopping at filesystem boundary (GIT_DISCOVERY_ACROSS_FILESYSTEM not set).
2023-12-07 16:08:05.996 [info] > git rev-parse --show-toplevel [3ms]
2023-12-07 16:08:05.996 [info] fatal: not a git repository (or any parent up to mount point /)
Stopping at filesystem boundary (GIT_DISCOVERY_ACROSS_FILESYSTEM not set).
2023-12-07 16:08:06.022 [info] > git rev-parse --show-toplevel [12ms]
2023-12-07 16:08:06.022 [info] fatal: not a git repository (or any parent up to mount point /)
Stopping at filesystem boundary (GIT_DISCOVERY_ACROSS_FILESYSTEM not set).
2023-12-07 16:08:06.355 [info] > git rev-parse --show-toplevel [1ms]
2023-12-07 16:08:06.355 [info] fatal: not a git repository (or any parent up to mount point /)
Stopping at filesystem boundary (GIT_DISCOVERY_ACROSS_FILESYSTEM not set).
2023-12-07 16:08:06.573 [info] > git rev-parse --show-toplevel [3ms]
2023-12-07 16:08:06.573 [info] fatal: not a git repository (or any parent up to mount point /)
Stopping at filesystem boundary (GIT_DISCOVERY_ACROSS_FILESYSTEM not set).
2023-12-07 16:08:12.047 [info] > git rev-parse --show-toplevel [2ms]
2023-12-07 16:08:12.047 [info] fatal: not a git repository (or any parent up to mount point /)
Stopping at filesystem boundary (GIT_DISCOVERY_ACROSS_FILESYSTEM not set).
2023-12-07 16:15:24.496 [info] > git rev-parse --show-toplevel [4ms]
2023-12-07 16:15:24.496 [info] fatal: not a git repository (or any parent up to mount point /)
Stopping at filesystem boundary (GIT_DISCOVERY_ACROSS_FILESYSTEM not set).
2023-12-07 16:15:48.214 [info] > git rev-parse --show-toplevel [6ms]
2023-12-07 16:15:48.214 [info] fatal: not a git repository (or any parent up to mount point /)
Stopping at filesystem boundary (GIT_DISCOVERY_ACROSS_FILESYSTEM not set).
2023-12-07 16:15:54.891 [info] > git rev-parse --show-toplevel [6ms]
2023-12-07 16:15:54.892 [info] fatal: not a git repository (or any parent up to mount point /)
Stopping at filesystem boundary (GIT_DISCOVERY_ACROSS_FILESYSTEM not set).
2023-12-07 16:19:00.143 [info] > git rev-parse --show-toplevel [105ms]
2023-12-07 16:19:00.151 [info] fatal: not a git repository (or any parent up to mount point /)
Stopping at filesystem boundary (GIT_DISCOVERY_ACROSS_FILESYSTEM not set).
