2023-12-07 16:08:13.292 [info] Experiment 'pythonaacf' is active
2023-12-07 16:08:13.292 [info] Experiment 'pythonPromptNewFormatterExt' is active
2023-12-07 16:08:13.292 [info] Experiment 'pythonPromptNewToolsExt' is active
2023-12-07 16:08:13.292 [info] Experiment 'pythonREPLSmartSend' is active
2023-12-07 16:08:13.292 [info] Experiment 'pythonTestAdapter' is active
2023-12-07 16:08:13.292 [info] Default formatter is set to ms-python.autopep8 for workspace /home/lalik/Downloads
2023-12-07 16:08:13.292 [info] Test server listening.
2023-12-07 16:08:14.095 [info] > /bin/python -I ~/.vscode/extensions/ms-python.python-2023.20.0/pythonFiles/get_output_via_markers.py ~/.vscode/extensions/ms-python.python-2023.20.0/pythonFiles/interpreterInfo.py
2023-12-07 16:08:14.374 [info] Python interpreter path: /bin/python
2023-12-07 16:08:15.245 [info] Starting Pylance language server.
2023-12-07 16:13:38.116 [info] Discover tests for workspace name: Downloads - uri: /home/lalik/Downloads/parcial-05.py
2023-12-07 16:13:40.169 [info] Send text to terminal: /bin/python /home/lalik/Downloads/parcial-05.py
2023-12-07 16:13:40.445 [info] CreateEnv Trigger - Skipping for /home/lalik/Downloads/parcial-05.py
2023-12-07 16:15:24.695 [info] Discover tests for workspace name: undefined - uri: /home/lalik/.config/Code/User/settings.json
2023-12-07 16:15:48.400 [info] Discover tests for workspace name: undefined - uri: /home/lalik/.config/Code/User/settings.json
2023-12-07 16:15:55.061 [info] Discover tests for workspace name: undefined - uri: /home/lalik/.config/Code/User/settings.json
2023-12-07 16:21:09.800 [info] Discover tests for workspace name: Downloads - uri: /home/lalik/Downloads/parcial-05.py
2023-12-07 16:21:30.582 [info] Discover tests for workspace name: Downloads - uri: /home/lalik/Downloads/parcial-05.py
2023-12-07 16:21:34.524 [info] Send text to terminal: /bin/python /home/lalik/Downloads/parcial-05.py
2023-12-07 16:22:30.857 [info] Discover tests for workspace name: Downloads - uri: /home/lalik/Downloads/parcial-05.py
2023-12-07 16:22:32.684 [info] Send text to terminal: /bin/python /home/lalik/Downloads/parcial-05.py
2023-12-07 16:25:33.144 [info] Discover tests for workspace name: Downloads - uri: /home/lalik/Downloads/parcial-05.py
